<?xml version="1.0" encoding="UTF-8"?>
<!-- Generated by org.testng.reporters.JUnitXMLReporter -->
<testsuite ignored="0" hostname="KSC1-LHP-K11240" failures="0" tests="3" name="Default test" time="3.553" errors="0" timestamp="2022-06-22T14:54:04 CEST">
  <testcase classname="files.DynamicJson" name="addBook" time="2.552"/>
  <testcase classname="files.DynamicJson" name="addBook" time="0.429"/>
  <testcase classname="files.DynamicJson" name="addBook" time="0.495"/>
</testsuite> <!-- Default test -->
