<?xml version="1.0" encoding="UTF-8"?>
<testng-results ignored="0" total="3" passed="3" failed="0" skipped="0">
  <reporter-output>
  </reporter-output>
  <suite started-at="2022-06-22T14:54:00 CEST" name="Default suite" finished-at="2022-06-22T14:54:04 CEST" duration-ms="3553">
    <groups>
    </groups>
    <test started-at="2022-06-22T14:54:00 CEST" name="Default test" finished-at="2022-06-22T14:54:04 CEST" duration-ms="3553">
      <class name="files.DynamicJson">
        <test-method signature="addBook(java.lang.String,java.lang.String)[pri:0, instance:files.DynamicJson@4201a617]" started-at="2022-06-22T14:54:00 CEST" name="addBook" data-provider="BooksData" finished-at="2022-06-22T14:54:03 CEST" duration-ms="2552" status="PASS">
          <params>
            <param index="0">
              <value>
                <![CDATA[abcd]]>
              </value>
            </param>
            <param index="1">
              <value>
                <![CDATA[245741]]>
              </value>
            </param>
          </params>
          <reporter-output>
          </reporter-output>
        </test-method> <!-- addBook -->
        <test-method signature="addBook(java.lang.String,java.lang.String)[pri:0, instance:files.DynamicJson@4201a617]" started-at="2022-06-22T14:54:03 CEST" name="addBook" data-provider="BooksData" finished-at="2022-06-22T14:54:03 CEST" duration-ms="429" status="PASS">
          <params>
            <param index="0">
              <value>
                <![CDATA[gfmo]]>
              </value>
            </param>
            <param index="1">
              <value>
                <![CDATA[54852]]>
              </value>
            </param>
          </params>
          <reporter-output>
          </reporter-output>
        </test-method> <!-- addBook -->
        <test-method signature="addBook(java.lang.String,java.lang.String)[pri:0, instance:files.DynamicJson@4201a617]" started-at="2022-06-22T14:54:03 CEST" name="addBook" data-provider="BooksData" finished-at="2022-06-22T14:54:04 CEST" duration-ms="495" status="PASS">
          <params>
            <param index="0">
              <value>
                <![CDATA[tnmbj]]>
              </value>
            </param>
            <param index="1">
              <value>
                <![CDATA[45752]]>
              </value>
            </param>
          </params>
          <reporter-output>
          </reporter-output>
        </test-method> <!-- addBook -->
      </class> <!-- files.DynamicJson -->
    </test> <!-- Default test -->
  </suite> <!-- Default suite -->
</testng-results>
